<?xml version="1.0" encoding="UTF-8"?>
<!-- Generated by org.testng.reporters.JUnitReportReporter -->
<testsuite hostname="Ozole" failures="0" tests="1" name="Robot.RobotFileUpload" time="0.000" errors="0" timestamp="2023-05-13T21:16:56 IST" skipped="1">
  <testcase classname="Robot.RobotFileUpload" name="fileUpload" time="0.000">
    <skipped/>
  </testcase> <!-- fileUpload -->
  <system-out/>
</testsuite> <!-- Robot.RobotFileUpload -->
