<?xml version="1.0" encoding="UTF-8"?>
<!-- Generated by org.testng.reporters.JUnitReportReporter -->
<testsuite hostname="Ozole" failures="0" tests="1" name="Actions.ActionKeyboardEvents" time="0.000" errors="0" timestamp="2023-05-13T21:16:56 IST" skipped="1">
  <testcase classname="Actions.ActionKeyboardEvents" name="keyBoardEvents_whenSuccess" time="0.000">
    <skipped/>
  </testcase> <!-- keyBoardEvents_whenSuccess -->
  <system-out/>
</testsuite> <!-- Actions.ActionKeyboardEvents -->
