<?xml version="1.0" encoding="UTF-8"?>
<!-- Generated by org.testng.reporters.JUnitReportReporter -->
<testsuite hostname="Ozole" failures="0" tests="4" name="TestNG.TestNGPriority" time="0.000" errors="0" timestamp="2023-05-13T21:16:56 IST" skipped="4">
  <testcase classname="TestNG.TestNGPriority" name="Russia" time="0.000">
    <skipped/>
  </testcase> <!-- Russia -->
  <system-out/>
  <testcase classname="TestNG.TestNGPriority" name="china" time="0.000">
    <skipped/>
  </testcase> <!-- china -->
  <system-out/>
  <testcase classname="TestNG.TestNGPriority" name="India" time="0.000">
    <skipped/>
  </testcase> <!-- India -->
  <system-out/>
  <testcase classname="TestNG.TestNGPriority" name="Nepal" time="0.000">
    <skipped/>
  </testcase> <!-- Nepal -->
  <system-out/>
</testsuite> <!-- TestNG.TestNGPriority -->
