<?xml version="1.0" encoding="UTF-8"?>
<!-- Generated by org.testng.reporters.JUnitReportReporter -->
<testsuite hostname="Ozole" failures="0" tests="1" name="SeleniumWaits.ImplicitWait" time="0.000" errors="0" timestamp="2023-05-13T21:16:56 IST" skipped="1">
  <testcase classname="SeleniumWaits.ImplicitWait" name="testUntitled" time="0.000">
    <skipped/>
  </testcase> <!-- testUntitled -->
  <system-out/>
</testsuite> <!-- SeleniumWaits.ImplicitWait -->
