<?xml version="1.0" encoding="UTF-8"?>
<!-- Generated by org.testng.reporters.JUnitReportReporter -->
<testsuite hostname="Ozole" failures="0" tests="3" name="TestNG.TestNGGroup" time="0.000" errors="0" timestamp="2023-05-13T21:16:56 IST" skipped="3">
  <testcase classname="TestNG.TestNGGroup" name="mahindra" time="0.000">
    <skipped/>
  </testcase> <!-- mahindra -->
  <system-out/>
  <testcase classname="TestNG.TestNGGroup" name="sedan" time="0.000">
    <skipped/>
  </testcase> <!-- sedan -->
  <system-out/>
  <testcase classname="TestNG.TestNGGroup" name="Bajaj" time="0.000">
    <skipped/>
  </testcase> <!-- Bajaj -->
  <system-out/>
</testsuite> <!-- TestNG.TestNGGroup -->
